Removing conda
Loading conda
Using CUDA
Cleared output folder
WARNING: Folder already exists:  /scratch2/workspace/ctpham_umass_edu-hp/cs670-manga/lines/ARMS
Images in this folder will be overwritten if they have the same name
WARNING: Folder already exists:  /scratch2/workspace/ctpham_umass_edu-hp/cs670-manga/lines/AisazuNihaIrarenai
Images in this folder will be overwritten if they have the same name
WARNING: Folder already exists:  /scratch2/workspace/ctpham_umass_edu-hp/cs670-manga/lines/AkkeraKanjinchou
Images in this folder will be overwritten if they have the same name
WARNING: Folder already exists:  /scratch2/workspace/ctpham_umass_edu-hp/cs670-manga/lines/Akuhamu
Images in this folder will be overwritten if they have the same name
WARNING: Folder already exists:  /scratch2/workspace/ctpham_umass_edu-hp/cs670-manga/lines/AosugiruHaru
Images in this folder will be overwritten if they have the same name
WARNING: Folder already exists:  /scratch2/workspace/ctpham_umass_edu-hp/cs670-manga/lines/AppareKappore
Images in this folder will be overwritten if they have the same name
WARNING: Folder already exists:  /scratch2/workspace/ctpham_umass_edu-hp/cs670-manga/lines/Arisa
Images in this folder will be overwritten if they have the same name
WARNING: Folder already exists:  /scratch2/workspace/ctpham_umass_edu-hp/cs670-manga/lines/BEMADER_P
Images in this folder will be overwritten if they have the same name
WARNING: Folder already exists:  /scratch2/workspace/ctpham_umass_edu-hp/cs670-manga/lines/BakuretsuKungFuGirl
Images in this folder will be overwritten if they have the same name
WARNING: Folder already exists:  /scratch2/workspace/ctpham_umass_edu-hp/cs670-manga/lines/Belmondo
Images in this folder will be overwritten if they have the same name
WARNING: Folder already exists:  /scratch2/workspace/ctpham_umass_edu-hp/cs670-manga/lines/BokuHaSitatakaKun
Images in this folder will be overwritten if they have the same name
WARNING: Folder already exists:  /scratch2/workspace/ctpham_umass_edu-hp/cs670-manga/lines/BurariTessenTorimonocho
Images in this folder will be overwritten if they have the same name
WARNING: Folder already exists:  /scratch2/workspace/ctpham_umass_edu-hp/cs670-manga/lines/ByebyeC-BOY
Images in this folder will be overwritten if they have the same name
WARNING: Folder already exists:  /scratch2/workspace/ctpham_umass_edu-hp/cs670-manga/lines/Count3DeKimeteAgeru
Images in this folder will be overwritten if they have the same name
WARNING: Folder already exists:  /scratch2/workspace/ctpham_umass_edu-hp/cs670-manga/lines/DollGun
Images in this folder will be overwritten if they have the same name
WARNING: Folder already exists:  /scratch2/workspace/ctpham_umass_edu-hp/cs670-manga/lines/Donburakokko
Images in this folder will be overwritten if they have the same name
WARNING: Folder already exists:  /scratch2/workspace/ctpham_umass_edu-hp/cs670-manga/lines/DualJustice
Images in this folder will be overwritten if they have the same name
WARNING: Folder already exists:  /scratch2/workspace/ctpham_umass_edu-hp/cs670-manga/lines/EienNoWith
Images in this folder will be overwritten if they have the same name
WARNING: Folder already exists:  /scratch2/workspace/ctpham_umass_edu-hp/cs670-manga/lines/EvaLady
Images in this folder will be overwritten if they have the same name
WARNING: Folder already exists:  /scratch2/workspace/ctpham_umass_edu-hp/cs670-manga/lines/EverydayOsakanaChan
Images in this folder will be overwritten if they have the same name
WARNING: Folder already exists:  /scratch2/workspace/ctpham_umass_edu-hp/cs670-manga/lines/GOOD_KISS_Ver2
Images in this folder will be overwritten if they have the same name
WARNING: Folder already exists:  /scratch2/workspace/ctpham_umass_edu-hp/cs670-manga/lines/GakuenNoise
Images in this folder will be overwritten if they have the same name
WARNING: Folder already exists:  /scratch2/workspace/ctpham_umass_edu-hp/cs670-manga/lines/GarakutayaManta
Images in this folder will be overwritten if they have the same name
WARNING: Folder already exists:  /scratch2/workspace/ctpham_umass_edu-hp/cs670-manga/lines/GinNoChimera
Images in this folder will be overwritten if they have the same name
WARNING: Folder already exists:  /scratch2/workspace/ctpham_umass_edu-hp/cs670-manga/lines/Hamlet
Images in this folder will be overwritten if they have the same name
WARNING: Folder already exists:  /scratch2/workspace/ctpham_umass_edu-hp/cs670-manga/lines/HanzaiKousyouninMinegishiEitarou
Images in this folder will be overwritten if they have the same name
WARNING: Folder already exists:  /scratch2/workspace/ctpham_umass_edu-hp/cs670-manga/lines/HaruichibanNoFukukoro
Images in this folder will be overwritten if they have the same name
WARNING: Folder already exists:  /scratch2/workspace/ctpham_umass_edu-hp/cs670-manga/lines/HarukaRefrain
Images in this folder will be overwritten if they have the same name
WARNING: Folder already exists:  /scratch2/workspace/ctpham_umass_edu-hp/cs670-manga/lines/HealingPlanet
Images in this folder will be overwritten if they have the same name
WARNING: Folder already exists:  /scratch2/workspace/ctpham_umass_edu-hp/cs670-manga/lines/HeiseiJimen
Images in this folder will be overwritten if they have the same name
WARNING: Folder already exists:  /scratch2/workspace/ctpham_umass_edu-hp/cs670-manga/lines/HighschoolKimengumi_vol01
Images in this folder will be overwritten if they have the same name
WARNING: Folder already exists:  /scratch2/workspace/ctpham_umass_edu-hp/cs670-manga/lines/HighschoolKimengumi_vol20
Images in this folder will be overwritten if they have the same name
WARNING: Folder already exists:  /scratch2/workspace/ctpham_umass_edu-hp/cs670-manga/lines/HinagikuKenzan
Images in this folder will be overwritten if they have the same name
WARNING: Folder already exists:  /scratch2/workspace/ctpham_umass_edu-hp/cs670-manga/lines/HisokaReturns
Images in this folder will be overwritten if they have the same name
WARNING: Folder already exists:  /scratch2/workspace/ctpham_umass_edu-hp/cs670-manga/lines/JangiriPonpon
Images in this folder will be overwritten if they have the same name
WARNING: Folder already exists:  /scratch2/workspace/ctpham_umass_edu-hp/cs670-manga/lines/JijiBabaFight
Images in this folder will be overwritten if they have the same name
WARNING: Folder already exists:  /scratch2/workspace/ctpham_umass_edu-hp/cs670-manga/lines/Joouari
Images in this folder will be overwritten if they have the same name
WARNING: Folder already exists:  /scratch2/workspace/ctpham_umass_edu-hp/cs670-manga/lines/Jyovolley
Images in this folder will be overwritten if they have the same name
WARNING: Folder already exists:  /scratch2/workspace/ctpham_umass_edu-hp/cs670-manga/lines/KarappoHighschool
Images in this folder will be overwritten if they have the same name
WARNING: Folder already exists:  /scratch2/workspace/ctpham_umass_edu-hp/cs670-manga/lines/KimiHaBokuNoTaiyouDa
Images in this folder will be overwritten if they have the same name
WARNING: Folder already exists:  /scratch2/workspace/ctpham_umass_edu-hp/cs670-manga/lines/KoukouNoHitotachi
Images in this folder will be overwritten if they have the same name
WARNING: Folder already exists:  /scratch2/workspace/ctpham_umass_edu-hp/cs670-manga/lines/KuroidoGanka
Images in this folder will be overwritten if they have the same name
WARNING: Folder already exists:  /scratch2/workspace/ctpham_umass_edu-hp/cs670-manga/lines/KyokugenCyclone
Images in this folder will be overwritten if they have the same name
WARNING: Folder already exists:  /scratch2/workspace/ctpham_umass_edu-hp/cs670-manga/lines/LancelotFullThrottle
Images in this folder will be overwritten if they have the same name
WARNING: Folder already exists:  /scratch2/workspace/ctpham_umass_edu-hp/cs670-manga/lines/LoveHina_vol01
Images in this folder will be overwritten if they have the same name
WARNING: Folder already exists:  /scratch2/workspace/ctpham_umass_edu-hp/cs670-manga/lines/LoveHina_vol14
Images in this folder will be overwritten if they have the same name
WARNING: Folder already exists:  /scratch2/workspace/ctpham_umass_edu-hp/cs670-manga/lines/MAD_STONE
Images in this folder will be overwritten if they have the same name
WARNING: Folder already exists:  /scratch2/workspace/ctpham_umass_edu-hp/cs670-manga/lines/MadouTaiga
Images in this folder will be overwritten if they have the same name
WARNING: Folder already exists:  /scratch2/workspace/ctpham_umass_edu-hp/cs670-manga/lines/MagicStarGakuin
Images in this folder will be overwritten if they have the same name
WARNING: Folder already exists:  /scratch2/workspace/ctpham_umass_edu-hp/cs670-manga/lines/MagicianLoad
Images in this folder will be overwritten if they have the same name
WARNING: Folder already exists:  /scratch2/workspace/ctpham_umass_edu-hp/cs670-manga/lines/MariaSamaNihaNaisyo
Images in this folder will be overwritten if they have the same name
WARNING: Folder already exists:  /scratch2/workspace/ctpham_umass_edu-hp/cs670-manga/lines/MayaNoAkaiKutsu
Images in this folder will be overwritten if they have the same name
WARNING: Folder already exists:  /scratch2/workspace/ctpham_umass_edu-hp/cs670-manga/lines/MemorySeijin
Images in this folder will be overwritten if they have the same name
WARNING: Folder already exists:  /scratch2/workspace/ctpham_umass_edu-hp/cs670-manga/lines/MeteoSanStrikeDesu
Images in this folder will be overwritten if they have the same name
WARNING: Folder already exists:  /scratch2/workspace/ctpham_umass_edu-hp/cs670-manga/lines/MiraiSan
Images in this folder will be overwritten if they have the same name
WARNING: Folder already exists:  /scratch2/workspace/ctpham_umass_edu-hp/cs670-manga/lines/MisutenaideDaisy
Images in this folder will be overwritten if they have the same name
WARNING: Folder already exists:  /scratch2/workspace/ctpham_umass_edu-hp/cs670-manga/lines/MoeruOnisan_vol01
Images in this folder will be overwritten if they have the same name
WARNING: Folder already exists:  /scratch2/workspace/ctpham_umass_edu-hp/cs670-manga/lines/MoeruOnisan_vol19
Images in this folder will be overwritten if they have the same name
WARNING: Folder already exists:  /scratch2/workspace/ctpham_umass_edu-hp/cs670-manga/lines/MomoyamaHaikagura
Images in this folder will be overwritten if they have the same name
WARNING: Folder already exists:  /scratch2/workspace/ctpham_umass_edu-hp/cs670-manga/lines/MukoukizuNoChonbo
Images in this folder will be overwritten if they have the same name
WARNING: Folder already exists:  /scratch2/workspace/ctpham_umass_edu-hp/cs670-manga/lines/MutekiBoukenSyakuma
Images in this folder will be overwritten if they have the same name
WARNING: Folder already exists:  /scratch2/workspace/ctpham_umass_edu-hp/cs670-manga/lines/Nekodama
Images in this folder will be overwritten if they have the same name
WARNING: Folder already exists:  /scratch2/workspace/ctpham_umass_edu-hp/cs670-manga/lines/NichijouSoup
Images in this folder will be overwritten if they have the same name
WARNING: Folder already exists:  /scratch2/workspace/ctpham_umass_edu-hp/cs670-manga/lines/Ningyoushi
Images in this folder will be overwritten if they have the same name
WARNING: Folder already exists:  /scratch2/workspace/ctpham_umass_edu-hp/cs670-manga/lines/OL_Lunch
Images in this folder will be overwritten if they have the same name
WARNING: Folder already exists:  /scratch2/workspace/ctpham_umass_edu-hp/cs670-manga/lines/OhWareraRettouSeitokai
Images in this folder will be overwritten if they have the same name
WARNING: Folder already exists:  /scratch2/workspace/ctpham_umass_edu-hp/cs670-manga/lines/PLANET7
Images in this folder will be overwritten if they have the same name
WARNING: Folder already exists:  /scratch2/workspace/ctpham_umass_edu-hp/cs670-manga/lines/ParaisoRoad
Images in this folder will be overwritten if they have the same name
WARNING: Folder already exists:  /scratch2/workspace/ctpham_umass_edu-hp/cs670-manga/lines/PikaruGenkiDesu
Images in this folder will be overwritten if they have the same name
WARNING: Folder already exists:  /scratch2/workspace/ctpham_umass_edu-hp/cs670-manga/lines/PlatinumJungle
Images in this folder will be overwritten if they have the same name
WARNING: Folder already exists:  /scratch2/workspace/ctpham_umass_edu-hp/cs670-manga/lines/PrayerHaNemurenai
Images in this folder will be overwritten if they have the same name
WARNING: Folder already exists:  /scratch2/workspace/ctpham_umass_edu-hp/cs670-manga/lines/PrismHeart
Images in this folder will be overwritten if they have the same name
WARNING: Folder already exists:  /scratch2/workspace/ctpham_umass_edu-hp/cs670-manga/lines/PsychoStaff
Images in this folder will be overwritten if they have the same name
WARNING: Folder already exists:  /scratch2/workspace/ctpham_umass_edu-hp/cs670-manga/lines/Raphael
Images in this folder will be overwritten if they have the same name
WARNING: Folder already exists:  /scratch2/workspace/ctpham_umass_edu-hp/cs670-manga/lines/ReveryEarth
Images in this folder will be overwritten if they have the same name
WARNING: Folder already exists:  /scratch2/workspace/ctpham_umass_edu-hp/cs670-manga/lines/RinToSiteSippuNoNaka
Images in this folder will be overwritten if they have the same name
WARNING: Folder already exists:  /scratch2/workspace/ctpham_umass_edu-hp/cs670-manga/lines/RisingGirl
Images in this folder will be overwritten if they have the same name
WARNING: Folder already exists:  /scratch2/workspace/ctpham_umass_edu-hp/cs670-manga/lines/Saisoku
Images in this folder will be overwritten if they have the same name
WARNING: Folder already exists:  /scratch2/workspace/ctpham_umass_edu-hp/cs670-manga/lines/SaladDays_vol01
Images in this folder will be overwritten if they have the same name
WARNING: Folder already exists:  /scratch2/workspace/ctpham_umass_edu-hp/cs670-manga/lines/SaladDays_vol18
Images in this folder will be overwritten if they have the same name
WARNING: Folder already exists:  /scratch2/workspace/ctpham_umass_edu-hp/cs670-manga/lines/SamayoeruSyonenNiJunaiWo
Images in this folder will be overwritten if they have the same name
WARNING: Folder already exists:  /scratch2/workspace/ctpham_umass_edu-hp/cs670-manga/lines/SeisinkiVulnus
Images in this folder will be overwritten if they have the same name
WARNING: Folder already exists:  /scratch2/workspace/ctpham_umass_edu-hp/cs670-manga/lines/ShimatteIkouze_vol01
Images in this folder will be overwritten if they have the same name
WARNING: Folder already exists:  /scratch2/workspace/ctpham_umass_edu-hp/cs670-manga/lines/ShimatteIkouze_vol26
Images in this folder will be overwritten if they have the same name
WARNING: Folder already exists:  /scratch2/workspace/ctpham_umass_edu-hp/cs670-manga/lines/SonokiDeABC
Images in this folder will be overwritten if they have the same name
WARNING: Folder already exists:  /scratch2/workspace/ctpham_umass_edu-hp/cs670-manga/lines/SyabondamaKieta
Images in this folder will be overwritten if they have the same name
WARNING: Folder already exists:  /scratch2/workspace/ctpham_umass_edu-hp/cs670-manga/lines/TaiyouNiSmash
Images in this folder will be overwritten if they have the same name
WARNING: Folder already exists:  /scratch2/workspace/ctpham_umass_edu-hp/cs670-manga/lines/TapkunNoTanteisitsu
Images in this folder will be overwritten if they have the same name
WARNING: Folder already exists:  /scratch2/workspace/ctpham_umass_edu-hp/cs670-manga/lines/TasogareTsushin
Images in this folder will be overwritten if they have the same name
WARNING: Folder already exists:  /scratch2/workspace/ctpham_umass_edu-hp/cs670-manga/lines/TennenSenshiG
Images in this folder will be overwritten if they have the same name
WARNING: Folder already exists:  /scratch2/workspace/ctpham_umass_edu-hp/cs670-manga/lines/TensiNoHaneToAkumaNoShippo
Images in this folder will be overwritten if they have the same name
WARNING: Folder already exists:  /scratch2/workspace/ctpham_umass_edu-hp/cs670-manga/lines/TetsuSan
Images in this folder will be overwritten if they have the same name
WARNING: Folder already exists:  /scratch2/workspace/ctpham_umass_edu-hp/cs670-manga/lines/That'sIzumiko
Images in this folder will be overwritten if they have the same name
WARNING: Folder already exists:  /scratch2/workspace/ctpham_umass_edu-hp/cs670-manga/lines/TotteokiNoABC
Images in this folder will be overwritten if they have the same name
WARNING: Folder already exists:  /scratch2/workspace/ctpham_umass_edu-hp/cs670-manga/lines/ToutaMairimasu
Images in this folder will be overwritten if they have the same name
WARNING: Folder already exists:  /scratch2/workspace/ctpham_umass_edu-hp/cs670-manga/lines/TouyouKidan
Images in this folder will be overwritten if they have the same name
WARNING: Folder already exists:  /scratch2/workspace/ctpham_umass_edu-hp/cs670-manga/lines/TsubasaNoKioku
Images in this folder will be overwritten if they have the same name
WARNING: Folder already exists:  /scratch2/workspace/ctpham_umass_edu-hp/cs670-manga/lines/UchiNoNyan'sDiary
Images in this folder will be overwritten if they have the same name
WARNING: Folder already exists:  /scratch2/workspace/ctpham_umass_edu-hp/cs670-manga/lines/UchuKigekiM774
Images in this folder will be overwritten if they have the same name
WARNING: Folder already exists:  /scratch2/workspace/ctpham_umass_edu-hp/cs670-manga/lines/UltraEleven
Images in this folder will be overwritten if they have the same name
WARNING: Folder already exists:  /scratch2/workspace/ctpham_umass_edu-hp/cs670-manga/lines/UnbalanceTokyo
Images in this folder will be overwritten if they have the same name
WARNING: Folder already exists:  /scratch2/workspace/ctpham_umass_edu-hp/cs670-manga/lines/WarewareHaOniDearu
Images in this folder will be overwritten if they have the same name
WARNING: Folder already exists:  /scratch2/workspace/ctpham_umass_edu-hp/cs670-manga/lines/YamatoNoHane
Images in this folder will be overwritten if they have the same name
WARNING: Folder already exists:  /scratch2/workspace/ctpham_umass_edu-hp/cs670-manga/lines/YasasiiAkuma
Images in this folder will be overwritten if they have the same name
WARNING: Folder already exists:  /scratch2/workspace/ctpham_umass_edu-hp/cs670-manga/lines/YouchienBoueigumi
Images in this folder will be overwritten if they have the same name
WARNING: Folder already exists:  /scratch2/workspace/ctpham_umass_edu-hp/cs670-manga/lines/YoumaKourin
Images in this folder will be overwritten if they have the same name
WARNING: Folder already exists:  /scratch2/workspace/ctpham_umass_edu-hp/cs670-manga/lines/YukiNoFuruMachi
Images in this folder will be overwritten if they have the same name
WARNING: Folder already exists:  /scratch2/workspace/ctpham_umass_edu-hp/cs670-manga/lines/YumeNoKayoiji
Images in this folder will be overwritten if they have the same name
WARNING: Folder already exists:  /scratch2/workspace/ctpham_umass_edu-hp/cs670-manga/lines/YumeiroCooking
Images in this folder will be overwritten if they have the same name
  0%|          | 0/10602 [00:00<?, ?it/s]  0%|          | 0/10602 [00:00<?, ?it/s]
usage: model_torch.py [-h] [--path PATH] [--model {1,2,3,4}] [--input INPUT]
                      [--mask MASK] [--line LINE] [--output OUTPUT]
model_torch.py: error: unrecognized arguments: /scratch2/workspace/ctpham_umass_edu-hp/cs670-manga/inputs /scratch2/workspace/ctpham_umass_edu-hp/cs670-manga/lines /scratch2/workspace/ctpham_umass_edu-hp/cs670-manga/masks
Done creating line images
